kotlin version: 2.1.0
error message: java.lang.OutOfMemoryError: Java heap space
	at org.jetbrains.kotlin.utils.SmartList.add(SmartList.java:96)
	at java.base/java.util.AbstractCollection.addAll(AbstractCollection.java:338)
	at org.jetbrains.kotlin.resolve.calls.inference.model.NewConstraintSystemImpl.addOtherSystem(NewConstraintSystemImpl.kt:373)
	at org.jetbrains.kotlin.resolve.calls.inference.model.NewConstraintSystemImpl.addOtherSystem$default(NewConstraintSystemImpl.kt:343)
	at org.jetbrains.kotlin.resolve.calls.inference.model.NewConstraintSystemImpl.addOtherSystem(NewConstraintSystemImpl.kt:336)
	at org.jetbrains.kotlin.resolve.calls.inference.model.NewConstraintSystemImpl.setBaseSystem(NewConstraintSystemImpl.kt:327)
	at org.jetbrains.kotlin.fir.resolve.calls.candidate.Candidate.system_delegate$lambda$1(Candidate.kt:78)
	at org.jetbrains.kotlin.fir.resolve.calls.candidate.Candidate$$Lambda/0x000001b1955f9a98.invoke(Unknown Source)
	at kotlin.UnsafeLazyImpl.getValue(Lazy.kt:98)
	at org.jetbrains.kotlin.fir.resolve.calls.candidate.Candidate.getSystem(Candidate.kt:70)
	at org.jetbrains.kotlin.fir.resolve.calls.stages.CreateFreshTypeVariableSubstitutorStage.check(CreateFreshTypeVariableSubstitutorStage.kt:42)
	at org.jetbrains.kotlin.fir.resolve.calls.stages.ResolutionStageRunner$processCandidate$1.invokeSuspend(ResolutionStageRunner.kt:26)
	at kotlin.coroutines.jvm.internal.BaseContinuationImpl.resumeWith(ContinuationImpl.kt:33)
	at org.jetbrains.kotlin.fir.resolve.calls.stages.ResolutionStageRunner.processCandidate(ResolutionStageRunner.kt:39)
	at org.jetbrains.kotlin.fir.resolve.calls.stages.ResolutionStageRunner.processCandidate$default(ResolutionStageRunner.kt:19)
	at org.jetbrains.kotlin.fir.resolve.calls.candidate.CandidateCollector.consumeCandidate(CandidateCollector.kt:40)
	at org.jetbrains.kotlin.fir.resolve.calls.tower.TowerScopeLevelProcessor.consumeCandidate(TowerLevelHandler.kt:90)
	at org.jetbrains.kotlin.fir.resolve.calls.tower.TowerScopeLevel$TowerScopeLevelProcessor.consumeCandidate$default(TowerLevels.kt:57)
	at org.jetbrains.kotlin.fir.resolve.calls.tower.MemberScopeTowerLevel.consumeCandidates(TowerLevels.kt:279)
	at org.jetbrains.kotlin.fir.resolve.calls.tower.MemberScopeTowerLevel.processMembers(TowerLevels.kt:101)
	at org.jetbrains.kotlin.fir.resolve.calls.tower.MemberScopeTowerLevel.processFunctionsByName(TowerLevels.kt:310)
	at org.jetbrains.kotlin.fir.resolve.calls.tower.TowerLevelHandler.handleLevel(TowerLevelHandler.kt:61)
	at org.jetbrains.kotlin.fir.resolve.calls.tower.FirBaseTowerResolveTask.processLevel(FirTowerResolveTask.kt:207)
	at org.jetbrains.kotlin.fir.resolve.calls.tower.FirBaseTowerResolveTask.access$processLevel(FirTowerResolveTask.kt:64)
	at org.jetbrains.kotlin.fir.resolve.calls.tower.FirBaseTowerResolveTask$processLevel$3.invokeSuspend(FirTowerResolveTask.kt)
	at kotlin.coroutines.jvm.internal.BaseContinuationImpl.resumeWith(ContinuationImpl.kt:33)
	at org.jetbrains.kotlin.fir.resolve.calls.tower.TowerResolveManager.resumeTask(TowerResolveManager.kt:77)
	at org.jetbrains.kotlin.fir.resolve.calls.tower.TowerResolveManager.runTasks(TowerResolveManager.kt:83)
	at org.jetbrains.kotlin.fir.resolve.calls.tower.FirTowerResolver.runResolver(FirTowerResolver.kt:53)
	at org.jetbrains.kotlin.fir.resolve.calls.tower.FirTowerResolver.runResolver(FirTowerResolver.kt:40)
	at org.jetbrains.kotlin.fir.resolve.calls.FirCallResolver.collectCandidates(FirCallResolver.kt:211)
	at org.jetbrains.kotlin.fir.resolve.calls.FirCallResolver.collectCandidates$default(FirCallResolver.kt:176)


